-------------------------------------------------------------------------------
Test set: appium.tutorial.ios.PageObjectPatternTest
-------------------------------------------------------------------------------
Tests run: 1, Failures: 0, Errors: 1, Skipped: 0, Time elapsed: 44.363 sec <<< FAILURE! - in appium.tutorial.ios.PageObjectPatternTest
pageObject(appium.tutorial.ios.PageObjectPatternTest)  Time elapsed: 44.361 sec  <<< ERROR!
org.openqa.selenium.NoSuchElementException: An element could not be located on the page using the given search parameters. (WARNING: The server did not provide any stacktrace information)
Command duration or timeout: 30.55 seconds
For documentation on this error, please visit: http://seleniumhq.org/exceptions/no_such_element.html
Build info: version: '2.42.1', revision: '68b415adb11acca4286be45124325cc36cfc4a51', time: '2014-05-29 09:21:55'
System info: host: 'XMNA014.local', ip: '10.32.36.58', os.name: 'Mac OS X', os.arch: 'x86_64', os.version: '10.10.3', java.version: '1.8.0_20'
Driver info: io.appium.java_client.AppiumDriver
Capabilities [{app=/Users/bree.lu/Workspace/testEnvProject/tutorial-master 2/projects/java_ios/UICatalog6.1.app.zip, networkConnectionEnabled=false, warnings={}, databaseEnabled=false, deviceName=iPhone Simulator, platform=MAC, desired={app=/Users/bree.lu/Workspace/testEnvProject/tutorial-master 2/projects/java_ios/UICatalog6.1.app.zip, appium-version=1.4.1, platformVersion=8.3, name=Java iOS tutorial Tue Jul 21 14:08:39 CST 2015, platformName=ios, deviceName=iPhone Simulator}, appium-version=1.4.1, platformVersion=8.3, webStorageEnabled=false, locationContextEnabled=false, name=Java iOS tutorial Tue Jul 21 14:08:39 CST 2015, browserName=iOS, takesScreenshot=true, javascriptEnabled=true, platformName=ios}]
Session ID: 09873220-40a1-426a-a529-25a7a384cd27
	at sun.reflect.NativeConstructorAccessorImpl.newInstance0(Native Method)
	at sun.reflect.NativeConstructorAccessorImpl.newInstance(NativeConstructorAccessorImpl.java:62)
	at sun.reflect.DelegatingConstructorAccessorImpl.newInstance(DelegatingConstructorAccessorImpl.java:45)
	at java.lang.reflect.Constructor.newInstance(Constructor.java:408)
	at org.openqa.selenium.remote.ErrorHandler.createThrowable(ErrorHandler.java:204)
	at org.openqa.selenium.remote.ErrorHandler.throwIfResponseFailed(ErrorHandler.java:156)
	at org.openqa.selenium.remote.RemoteWebDriver.execute(RemoteWebDriver.java:600)
	at io.appium.java_client.AppiumDriver.execute(AppiumDriver.java:82)
	at org.openqa.selenium.remote.RemoteWebDriver.findElement(RemoteWebDriver.java:353)
	at io.appium.java_client.AppiumDriver.findElementByAccessibilityId(AppiumDriver.java:547)
	at io.appium.java_client.MobileBy$ByAccessibilityId.findElement(MobileBy.java:100)
	at org.openqa.selenium.remote.RemoteWebDriver.findElement(RemoteWebDriver.java:345)
	at appium.tutorial.ios.util.Helpers.element(Helpers.java:53)
	at appium.tutorial.ios.page.HomePage.buttonsClick(HomePage.java:15)
	at appium.tutorial.ios.PageObjectPatternTest.pageObject(PageObjectPatternTest.java:11)

